<?xml version="1.0" encoding="UTF-8"?>
<!-- Generated by org.testng.reporters.JUnitXMLReporter -->
<testsuite ignored="0" hostname="DESKTOP-V1MADG4" failures="0" tests="4" name="entrykariTest" time="169.962" errors="0" timestamp="2021-09-18T14:09:19 BDT">
  <testcase classname="com.bat.MutatedKhatian.Test.EntrykariDeskTest" name="loginTestTitleVerify" time="3.19"/>
  <testcase classname="com.bat.MutatedKhatian.Test.EntrykariDeskTest" name="logintest" time="1.152"/>
  <testcase classname="com.bat.MutatedKhatian.Test.EntrykariDeskTest" name="khatianEntry" time="165.185"/>
  <testcase classname="com.bat.MutatedKhatian.Test.EntrykariDeskTest" name="logout" time="0.361"/>
</testsuite> <!-- entrykariTest -->
