<?xml version="1.0" encoding="UTF-8"?>
<!-- Generated by org.testng.reporters.JUnitXMLReporter -->
<testsuite ignored="0" hostname="DESKTOP-V1MADG4" failures="1" tests="4" name="tulonakariTest" time="0.034" errors="0" timestamp="2021-09-18T17:25:08 BDT">
  <testcase classname="com.bat.MutatedKhatian.Test.TulonakariDeskTest" name="loginTestTitleVerify" time="0.007">
    <failure type="java.lang.AssertionError" message="expected [জাতীয় ভূমি তথ্য ও সেবা কাঠামো] but found [troffice7.land.gov.bd]">
      <![CDATA[java.lang.AssertionError: expected [জাতীয় ভূমি তথ্য ও সেবা কাঠামো] but found [troffice7.land.gov.bd]
at com.bat.MutatedKhatian.Test.TulonakariDeskTest.loginTestTitleVerify(TulonakariDeskTest.java:29)
at java.base/java.util.ArrayList.forEach(ArrayList.java:1511)
... Removed 33 stack frames]]>
    </failure>
  </testcase> <!-- loginTestTitleVerify -->
  <testcase classname="com.bat.MutatedKhatian.Test.TulonakariDeskTest" name="logintest" time="0.0">
    <skipped/>
  </testcase> <!-- logintest -->
  <testcase classname="com.bat.MutatedKhatian.Test.TulonakariDeskTest" name="tulonakaritest" time="0.0">
    <skipped/>
  </testcase> <!-- tulonakaritest -->
  <testcase classname="com.bat.MutatedKhatian.Test.TulonakariDeskTest" name="logout" time="0.0">
    <skipped/>
  </testcase> <!-- logout -->
</testsuite> <!-- tulonakariTest -->
