<?xml version="1.0" encoding="UTF-8"?>
<!-- Generated by org.testng.reporters.JUnitXMLReporter -->
<testsuite ignored="0" hostname="DESKTOP-V1MADG4" failures="0" tests="4" name="tulonakariTest" time="41.268" errors="0" timestamp="2021-09-18T21:49:57 BDT">
  <testcase classname="com.bat.MutatedKhatian.Test.TulonakariDeskTest" name="loginTestTitleVerify" time="0.024"/>
  <testcase classname="com.bat.MutatedKhatian.Test.TulonakariDeskTest" name="logintest" time="1.543"/>
  <testcase classname="com.bat.MutatedKhatian.Test.TulonakariDeskTest" name="tulonakaritest" time="34.22"/>
  <testcase classname="com.bat.MutatedKhatian.Test.TulonakariDeskTest" name="logout" time="5.454"/>
</testsuite> <!-- tulonakariTest -->
