<?xml version="1.0" encoding="UTF-8"?>
<testng-results ignored="0" total="15" passed="15" failed="0" skipped="0">
  <reporter-output>
  </reporter-output>
  <suite started-at="2021-09-18T21:45:26 BDT" name="STest" finished-at="2021-09-18T21:50:48 BDT" duration-ms="321896">
    <groups>
    </groups>
    <test started-at="2021-09-18T21:45:26 BDT" name="entrykariTest" finished-at="2021-09-18T21:48:36 BDT" duration-ms="190024">
      <class name="com.bat.MutatedKhatian.Test.EntrykariDeskTest">
        <test-method signature="loginTestTitleVerify()[pri:0, instance:com.bat.MutatedKhatian.Test.EntrykariDeskTest@5524cca1]" started-at="2021-09-18T21:45:26 BDT" name="loginTestTitleVerify" finished-at="2021-09-18T21:45:30 BDT" duration-ms="3808" status="PASS">
          <reporter-output>
          </reporter-output>
        </test-method> <!-- loginTestTitleVerify -->
        <test-method signature="logintest()[pri:0, instance:com.bat.MutatedKhatian.Test.EntrykariDeskTest@5524cca1]" started-at="2021-09-18T21:45:30 BDT" name="logintest" finished-at="2021-09-18T21:45:32 BDT" depends-on-methods="com.bat.MutatedKhatian.Test.EntrykariDeskTest.loginTestTitleVerify" duration-ms="2244" status="PASS">
          <reporter-output>
          </reporter-output>
        </test-method> <!-- logintest -->
        <test-method signature="khatianEntry()[pri:0, instance:com.bat.MutatedKhatian.Test.EntrykariDeskTest@5524cca1]" started-at="2021-09-18T21:45:32 BDT" name="khatianEntry" finished-at="2021-09-18T21:48:30 BDT" depends-on-methods="com.bat.MutatedKhatian.Test.EntrykariDeskTest.logintest" duration-ms="178349" status="PASS">
          <reporter-output>
          </reporter-output>
        </test-method> <!-- khatianEntry -->
        <test-method signature="logout()[pri:0, instance:com.bat.MutatedKhatian.Test.EntrykariDeskTest@5524cca1]" started-at="2021-09-18T21:48:30 BDT" name="logout" finished-at="2021-09-18T21:48:36 BDT" depends-on-methods="com.bat.MutatedKhatian.Test.EntrykariDeskTest.khatianEntry" duration-ms="5523" status="PASS">
          <reporter-output>
          </reporter-output>
        </test-method> <!-- logout -->
      </class> <!-- com.bat.MutatedKhatian.Test.EntrykariDeskTest -->
    </test> <!-- entrykariTest -->
    <test started-at="2021-09-18T21:48:36 BDT" name="jacaikariTest" finished-at="2021-09-18T21:49:16 BDT" duration-ms="39742">
      <class name="com.bat.MutatedKhatian.Test.JacaikariDeskTest">
        <test-method signature="loginTestTitleVerify()[pri:0, instance:com.bat.MutatedKhatian.Test.JacaikariDeskTest@790da477]" started-at="2021-09-18T21:48:36 BDT" name="loginTestTitleVerify" finished-at="2021-09-18T21:48:36 BDT" duration-ms="88" status="PASS">
          <reporter-output>
          </reporter-output>
        </test-method> <!-- loginTestTitleVerify -->
        <test-method signature="logintest()[pri:0, instance:com.bat.MutatedKhatian.Test.JacaikariDeskTest@790da477]" started-at="2021-09-18T21:48:36 BDT" name="logintest" finished-at="2021-09-18T21:48:38 BDT" depends-on-methods="com.bat.MutatedKhatian.Test.JacaikariDeskTest.loginTestTitleVerify" duration-ms="1686" status="PASS">
          <reporter-output>
          </reporter-output>
        </test-method> <!-- logintest -->
        <test-method signature="jacaikaritest()[pri:0, instance:com.bat.MutatedKhatian.Test.JacaikariDeskTest@790da477]" started-at="2021-09-18T21:48:38 BDT" name="jacaikaritest" finished-at="2021-09-18T21:49:10 BDT" depends-on-methods="com.bat.MutatedKhatian.Test.JacaikariDeskTest.logintest" duration-ms="32369" status="PASS">
          <reporter-output>
          </reporter-output>
        </test-method> <!-- jacaikaritest -->
        <test-method signature="logout()[pri:0, instance:com.bat.MutatedKhatian.Test.JacaikariDeskTest@790da477]" started-at="2021-09-18T21:49:10 BDT" name="logout" finished-at="2021-09-18T21:49:16 BDT" depends-on-methods="com.bat.MutatedKhatian.Test.JacaikariDeskTest.jacaikaritest" duration-ms="5545" status="PASS">
          <reporter-output>
          </reporter-output>
        </test-method> <!-- logout -->
      </class> <!-- com.bat.MutatedKhatian.Test.JacaikariDeskTest -->
    </test> <!-- jacaikariTest -->
    <test started-at="2021-09-18T21:49:16 BDT" name="tulonakariTest" finished-at="2021-09-18T21:49:57 BDT" duration-ms="41268">
      <class name="com.bat.MutatedKhatian.Test.TulonakariDeskTest">
        <test-method signature="loginTestTitleVerify()[pri:0, instance:com.bat.MutatedKhatian.Test.TulonakariDeskTest@2dfaea86]" started-at="2021-09-18T21:49:16 BDT" name="loginTestTitleVerify" finished-at="2021-09-18T21:49:16 BDT" duration-ms="24" status="PASS">
          <reporter-output>
          </reporter-output>
        </test-method> <!-- loginTestTitleVerify -->
        <test-method signature="logintest()[pri:0, instance:com.bat.MutatedKhatian.Test.TulonakariDeskTest@2dfaea86]" started-at="2021-09-18T21:49:16 BDT" name="logintest" finished-at="2021-09-18T21:49:18 BDT" depends-on-methods="com.bat.MutatedKhatian.Test.TulonakariDeskTest.loginTestTitleVerify" duration-ms="1543" status="PASS">
          <reporter-output>
          </reporter-output>
        </test-method> <!-- logintest -->
        <test-method signature="tulonakaritest()[pri:0, instance:com.bat.MutatedKhatian.Test.TulonakariDeskTest@2dfaea86]" started-at="2021-09-18T21:49:18 BDT" name="tulonakaritest" finished-at="2021-09-18T21:49:52 BDT" depends-on-methods="com.bat.MutatedKhatian.Test.TulonakariDeskTest.logintest" duration-ms="34220" status="PASS">
          <reporter-output>
          </reporter-output>
        </test-method> <!-- tulonakaritest -->
        <test-method signature="logout()[pri:0, instance:com.bat.MutatedKhatian.Test.TulonakariDeskTest@2dfaea86]" started-at="2021-09-18T21:49:52 BDT" name="logout" finished-at="2021-09-18T21:49:57 BDT" depends-on-methods="com.bat.MutatedKhatian.Test.TulonakariDeskTest.tulonakaritest" duration-ms="5454" status="PASS">
          <reporter-output>
          </reporter-output>
        </test-method> <!-- logout -->
      </class> <!-- com.bat.MutatedKhatian.Test.TulonakariDeskTest -->
    </test> <!-- tulonakariTest -->
    <test started-at="2021-09-18T21:49:57 BDT" name="onumodonkariTest" finished-at="2021-09-18T21:50:48 BDT" duration-ms="50399">
      <class name="com.bat.MutatedKhatian.Test.OnumodonkariDeskTest">
        <test-method signature="loginTestTitleVerify()[pri:0, instance:com.bat.MutatedKhatian.Test.OnumodonkariDeskTest@55de24cc]" started-at="2021-09-18T21:49:57 BDT" name="loginTestTitleVerify" finished-at="2021-09-18T21:49:57 BDT" duration-ms="37" status="PASS">
          <reporter-output>
          </reporter-output>
        </test-method> <!-- loginTestTitleVerify -->
        <test-method signature="logintest()[pri:0, instance:com.bat.MutatedKhatian.Test.OnumodonkariDeskTest@55de24cc]" started-at="2021-09-18T21:49:57 BDT" name="logintest" finished-at="2021-09-18T21:49:59 BDT" depends-on-methods="com.bat.MutatedKhatian.Test.OnumodonkariDeskTest.loginTestTitleVerify" duration-ms="1574" status="PASS">
          <reporter-output>
          </reporter-output>
        </test-method> <!-- logintest -->
        <test-method signature="onumodonkaritest()[pri:0, instance:com.bat.MutatedKhatian.Test.OnumodonkariDeskTest@55de24cc]" started-at="2021-09-18T21:49:59 BDT" name="onumodonkaritest" finished-at="2021-09-18T21:50:48 BDT" depends-on-methods="com.bat.MutatedKhatian.Test.OnumodonkariDeskTest.logintest" duration-ms="48774" status="PASS">
          <reporter-output>
          </reporter-output>
        </test-method> <!-- onumodonkaritest -->
      </class> <!-- com.bat.MutatedKhatian.Test.OnumodonkariDeskTest -->
    </test> <!-- onumodonkariTest -->
  </suite> <!-- STest -->
</testng-results>
